This is pdfTeX, Version 3.14159265-2.6-1.40.20 (TeX Live 2019/Debian) (preloaded format=pdflatex 2021.3.19)  1 JUL 2021 11:17
entering extended mode
 restricted \write18 enabled.
 %&-line parsing enabled.
**"Notizen Datenbanken.tex"
(./Notizen Datenbanken.tex
LaTeX2e <2020-02-02> patch level 2
L3 programming layer <2020-02-14>
(/usr/share/texlive/texmf-dist/tex/latex/base/article.cls
Document Class: article 2019/12/20 v1.4l Standard LaTeX document class
(/usr/share/texlive/texmf-dist/tex/latex/base/size10.clo
File: size10.clo 2019/12/20 v1.4l Standard LaTeX file (size option)
)
\c@part=\count167
\c@section=\count168
\c@subsection=\count169
\c@subsubsection=\count170
\c@paragraph=\count171
\c@subparagraph=\count172
\c@figure=\count173
\c@table=\count174
\abovecaptionskip=\skip47
\belowcaptionskip=\skip48
\bibindent=\dimen134
)
(/usr/share/texlive/texmf-dist/tex/latex/graphics/graphicx.sty
Package: graphicx 2019/11/30 v1.2a Enhanced LaTeX Graphics (DPC,SPQR)

(/usr/share/texlive/texmf-dist/tex/latex/graphics/keyval.sty
Package: keyval 2014/10/28 v1.15 key=value parser (DPC)
\KV@toks@=\toks14
)
(/usr/share/texlive/texmf-dist/tex/latex/graphics/graphics.sty
Package: graphics 2019/11/30 v1.4a Standard LaTeX Graphics (DPC,SPQR)

(/usr/share/texlive/texmf-dist/tex/latex/graphics/trig.sty
Package: trig 2016/01/03 v1.10 sin cos tan (DPC)
)
(/usr/share/texlive/texmf-dist/tex/latex/graphics-cfg/graphics.cfg
File: graphics.cfg 2016/06/04 v1.11 sample graphics configuration
)
Package graphics Info: Driver file: pdftex.def on input line 105.

(/usr/share/texlive/texmf-dist/tex/latex/graphics-def/pdftex.def
File: pdftex.def 2018/01/08 v1.0l Graphics/color driver for pdftex
))
\Gin@req@height=\dimen135
\Gin@req@width=\dimen136
)
(/usr/share/texlive/texmf-dist/tex/latex/l3backend/l3backend-pdfmode.def
File: l3backend-pdfmode.def 2020-02-03 L3 backend support: PDF mode
\l__kernel_color_stack_int=\count175
\l__pdf_internal_box=\box45
)
(./Notizen Datenbanken.aux)
\openout1 = `"Notizen Datenbanken.aux"'.

LaTeX Font Info:    Checking defaults for OML/cmm/m/it on input line 3.
LaTeX Font Info:    ... okay on input line 3.
LaTeX Font Info:    Checking defaults for OMS/cmsy/m/n on input line 3.
LaTeX Font Info:    ... okay on input line 3.
LaTeX Font Info:    Checking defaults for OT1/cmr/m/n on input line 3.
LaTeX Font Info:    ... okay on input line 3.
LaTeX Font Info:    Checking defaults for T1/cmr/m/n on input line 3.
LaTeX Font Info:    ... okay on input line 3.
LaTeX Font Info:    Checking defaults for TS1/cmr/m/n on input line 3.
LaTeX Font Info:    ... okay on input line 3.
LaTeX Font Info:    Checking defaults for OMX/cmex/m/n on input line 3.
LaTeX Font Info:    ... okay on input line 3.
LaTeX Font Info:    Checking defaults for U/cmr/m/n on input line 3.
LaTeX Font Info:    ... okay on input line 3.

(/usr/share/texlive/texmf-dist/tex/context/base/mkii/supp-pdf.mkii
[Loading MPS to PDF converter (version 2006.09.02).]
\scratchcounter=\count176
\scratchdimen=\dimen137
\scratchbox=\box46
\nofMPsegments=\count177
\nofMParguments=\count178
\everyMPshowfont=\toks15
\MPscratchCnt=\count179
\MPscratchDim=\dimen138
\MPnumerator=\count180
\makeMPintoPDFobject=\count181
\everyMPtoPDFconversion=\toks16
) (/usr/share/texlive/texmf-dist/tex/latex/epstopdf-pkg/epstopdf-base.sty
Package: epstopdf-base 2020-01-24 v2.11 Base part for package epstopdf
Package epstopdf-base Info: Redefining graphics rule for `.eps' on input line 4
85.

(/usr/share/texlive/texmf-dist/tex/latex/latexconfig/epstopdf-sys.cfg
File: epstopdf-sys.cfg 2010/07/13 v1.3 Configuration of (r)epstopdf for TeX Liv
e
))
Underfull \hbox (badness 10000) in paragraph at lines 6--35

 []


Overfull \hbox (8.33295pt too wide) in paragraph at lines 6--35
\OT1/cmr/m/n/10 DBMS - Daten-bankman-age-mentsys-tem An-wen-dun-gen kom-mu-nizi
eren mit DBMS. 
 []


Underfull \hbox (badness 10000) in paragraph at lines 6--35

 []

LaTeX Font Info:    External font `cmex10' loaded for size
(Font)              <7> on input line 58.
LaTeX Font Info:    External font `cmex10' loaded for size
(Font)              <5> on input line 58.

Underfull \hbox (badness 10000) in paragraph at lines 36--65

 []

[1

{/var/lib/texmf/fonts/map/pdftex/updmap/pdftex.map}]
Overfull \hbox (4.2783pt too wide) in paragraph at lines 66--95
\OT1/cmr/m/n/10 Tau enth^^?alt liste von At-tributen nach de-nen Sortiert wer-d
en soll, er-stes Sortierkri-
 []


Underfull \hbox (badness 10000) in paragraph at lines 66--95

 []

[2]
Overfull \hbox (4.34787pt too wide) in paragraph at lines 96--119
\OT1/cmr/m/n/10 Erstellt gle-ichar-tige Grup-pen auf dei Ag-gre-ga-tio-nen durc
hgef^^?uhrt wer-den k^^?onnen. 
 []


Underfull \hbox (badness 10000) in paragraph at lines 96--119

 []

<newtab.png, id=16, 1927.2pt x 1084.05pt>
File: newtab.png Graphic file (type png)
<use newtab.png>
Package pdftex.def Info: newtab.png  used on input line 128.
(pdftex.def)             Requested size: 345.0pt x 194.06194pt.
<sql.png, id=17, 1927.2pt x 1084.05pt>
File: sql.png Graphic file (type png)
<use sql.png>
Package pdftex.def Info: sql.png  used on input line 132.
(pdftex.def)             Requested size: 345.0pt x 194.06194pt.
<lang.png, id=18, 1927.2pt x 1084.05pt>
File: lang.png Graphic file (type png)
<use lang.png>
Package pdftex.def Info: lang.png  used on input line 133.
(pdftex.def)             Requested size: 345.0pt x 194.06194pt.

Underfull \hbox (badness 10000) in paragraph at lines 120--134

 []

[3] [4 <./newtab.png> <./sql.png>]
<subclass.png, id=25, 1927.2pt x 1084.05pt>
File: subclass.png Graphic file (type png)
<use subclass.png>
Package pdftex.def Info: subclass.png  used on input line 147.
(pdftex.def)             Requested size: 345.0pt x 194.06194pt.

Underfull \hbox (badness 10000) in paragraph at lines 135--151

 []

[5 <./lang.png>]
<erq.png, id=29, 1927.2pt x 1084.05pt>
File: erq.png Graphic file (type png)
<use erq.png>
Package pdftex.def Info: erq.png  used on input line 157.
(pdftex.def)             Requested size: 345.0pt x 194.06194pt.
<etr.png, id=30, 1927.2pt x 1084.05pt>
File: etr.png Graphic file (type png)
<use etr.png>
Package pdftex.def Info: etr.png  used on input line 163.
(pdftex.def)             Requested size: 345.0pt x 194.06194pt.
<etr2.png, id=31, 1927.2pt x 1084.05pt>
File: etr2.png Graphic file (type png)
<use etr2.png>
Package pdftex.def Info: etr2.png  used on input line 164.
(pdftex.def)             Requested size: 345.0pt x 194.06194pt.

Underfull \hbox (badness 10000) in paragraph at lines 152--170

 []

[6 <./subclass.png> <./erq.png>]
Underfull \hbox (badness 10000) in paragraph at lines 171--176

 []

[7 <./etr.png> <./etr2.png>]
Underfull \hbox (badness 10000) in paragraph at lines 177--184

 []

[8] (./Notizen Datenbanken.aux) ) 
Here is how much of TeX's memory you used:
 1190 strings out of 481239
 17401 string characters out of 5920377
 251493 words of memory out of 5000000
 16503 multiletter control sequences out of 15000+600000
 533548 words of font info for 28 fonts, out of 8000000 for 9000
 1141 hyphenation exceptions out of 8191
 30i,4n,25p,214b,117s stack positions out of 5000i,500n,10000p,200000b,80000s
</usr/share/texlive/texmf-dist/fonts/type1/pub
lic/amsfonts/cm/cmbx12.pfb></usr/share/texlive/texmf-dist/fonts/type1/public/am
sfonts/cm/cmmi10.pfb></usr/share/texlive/texmf-dist/fonts/type1/public/amsfonts
/cm/cmmi5.pfb></usr/share/texlive/texmf-dist/fonts/type1/public/amsfonts/cm/cmm
i7.pfb></usr/share/texlive/texmf-dist/fonts/type1/public/amsfonts/cm/cmr10.pfb>
</usr/share/texlive/texmf-dist/fonts/type1/public/amsfonts/cm/cmr7.pfb></usr/sh
are/texlive/texmf-dist/fonts/type1/public/amsfonts/cm/cmsy10.pfb>
Output written on "Notizen Datenbanken.pdf" (8 pages, 3061227 bytes).
PDF statistics:
 66 PDF objects out of 1000 (max. 8388607)
 41 compressed objects within 1 object stream
 0 named destinations out of 1000 (max. 500000)
 36 words of extra memory for PDF output out of 10000 (max. 10000000)

