This is pdfTeX, Version 3.14159265-2.6-1.40.20 (TeX Live 2019/Debian) (preloaded format=pdflatex 2021.3.19)  21 MAY 2021 22:02
entering extended mode
 restricted \write18 enabled.
 %&-line parsing enabled.
**Maag_Maximilian_05.tex
(./Maag_Maximilian_05.tex
LaTeX2e <2020-02-02> patch level 2
L3 programming layer <2020-02-14>
(/usr/share/texlive/texmf-dist/tex/latex/base/article.cls
Document Class: article 2019/12/20 v1.4l Standard LaTeX document class
(/usr/share/texlive/texmf-dist/tex/latex/base/size10.clo
File: size10.clo 2019/12/20 v1.4l Standard LaTeX file (size option)
)
\c@part=\count167
\c@section=\count168
\c@subsection=\count169
\c@subsubsection=\count170
\c@paragraph=\count171
\c@subparagraph=\count172
\c@figure=\count173
\c@table=\count174
\abovecaptionskip=\skip47
\belowcaptionskip=\skip48
\bibindent=\dimen134
)
(/usr/share/texlive/texmf-dist/tex/latex/l3backend/l3backend-pdfmode.def
File: l3backend-pdfmode.def 2020-02-03 L3 backend support: PDF mode
\l__kernel_color_stack_int=\count175
\l__pdf_internal_box=\box45
)
(./Maag_Maximilian_05.aux)
\openout1 = `Maag_Maximilian_05.aux'.

LaTeX Font Info:    Checking defaults for OML/cmm/m/it on input line 2.
LaTeX Font Info:    ... okay on input line 2.
LaTeX Font Info:    Checking defaults for OMS/cmsy/m/n on input line 2.
LaTeX Font Info:    ... okay on input line 2.
LaTeX Font Info:    Checking defaults for OT1/cmr/m/n on input line 2.
LaTeX Font Info:    ... okay on input line 2.
LaTeX Font Info:    Checking defaults for T1/cmr/m/n on input line 2.
LaTeX Font Info:    ... okay on input line 2.
LaTeX Font Info:    Checking defaults for TS1/cmr/m/n on input line 2.
LaTeX Font Info:    ... okay on input line 2.
LaTeX Font Info:    Checking defaults for OMX/cmex/m/n on input line 2.
LaTeX Font Info:    ... okay on input line 2.
LaTeX Font Info:    Checking defaults for U/cmr/m/n on input line 2.
LaTeX Font Info:    ... okay on input line 2.
LaTeX Font Info:    External font `cmex10' loaded for size
(Font)              <7> on input line 14.
LaTeX Font Info:    External font `cmex10' loaded for size
(Font)              <5> on input line 14.

Underfull \hbox (badness 10000) in paragraph at lines 14--55

 []


Underfull \hbox (badness 10000) in paragraph at lines 14--55

 []


Underfull \hbox (badness 10000) in paragraph at lines 14--55

 []

[1

{/var/lib/texmf/fonts/map/pdftex/updmap/pdftex.map}]
Underfull \hbox (badness 10000) in paragraph at lines 82--128

 []


Underfull \hbox (badness 10000) in paragraph at lines 82--128

 []


Underfull \hbox (badness 10000) in paragraph at lines 82--128

 []


Underfull \hbox (badness 10000) in paragraph at lines 82--128

 []


Underfull \hbox (badness 10000) in paragraph at lines 82--128

 []


Underfull \hbox (badness 10000) in paragraph at lines 82--128

 []


Underfull \hbox (badness 10000) in paragraph at lines 82--128

 []


Underfull \hbox (badness 10000) in paragraph at lines 82--128

 []


Underfull \hbox (badness 10000) in paragraph at lines 82--128

 []


Underfull \hbox (badness 10000) in paragraph at lines 82--128

 []

[2]
Underfull \hbox (badness 10000) in paragraph at lines 130--140

 []


Underfull \hbox (badness 10000) in paragraph at lines 141--151

 []


Underfull \hbox (badness 10000) in paragraph at lines 152--162

 []


Underfull \hbox (badness 10000) in paragraph at lines 163--186

 []


Underfull \hbox (badness 10000) in paragraph at lines 163--186

 []


Underfull \hbox (badness 10000) in paragraph at lines 163--186

 []

[3]
Underfull \hbox (badness 10000) in paragraph at lines 188--274

 []


Underfull \hbox (badness 10000) in paragraph at lines 188--274

 []


Underfull \hbox (badness 10000) in paragraph at lines 188--274

 []


Underfull \hbox (badness 10000) in paragraph at lines 188--274

 []


Underfull \hbox (badness 10000) in paragraph at lines 188--274

 []


Underfull \hbox (badness 10000) in paragraph at lines 188--274

 []


Underfull \hbox (badness 10000) in paragraph at lines 188--274

 []


Underfull \hbox (badness 10000) in paragraph at lines 188--274

 []


Underfull \hbox (badness 10000) in paragraph at lines 188--274

 []

[4] [5] (./Maag_Maximilian_05.aux) ) 
Here is how much of TeX's memory you used:
 379 strings out of 481239
 6478 string characters out of 5920377
 246563 words of memory out of 5000000
 15726 multiletter control sequences out of 15000+600000
 533883 words of font info for 29 fonts, out of 8000000 for 9000
 1141 hyphenation exceptions out of 8191
 25i,10n,19p,178b,120s stack positions out of 5000i,500n,10000p,200000b,80000s
{/usr/share/texmf/fonts/enc/dvips/cm-super/
cm-super-ts1.enc}</usr/share/texlive/texmf-dist/fonts/type1/public/amsfonts/cm/
cmbx12.pfb></usr/share/texlive/texmf-dist/fonts/type1/public/amsfonts/cm/cmex10
.pfb></usr/share/texlive/texmf-dist/fonts/type1/public/amsfonts/cm/cmmi10.pfb><
/usr/share/texlive/texmf-dist/fonts/type1/public/amsfonts/cm/cmmi7.pfb></usr/sh
are/texlive/texmf-dist/fonts/type1/public/amsfonts/cm/cmr10.pfb></usr/share/tex
live/texmf-dist/fonts/type1/public/amsfonts/cm/cmr5.pfb></usr/share/texlive/tex
mf-dist/fonts/type1/public/amsfonts/cm/cmr7.pfb></usr/share/texlive/texmf-dist/
fonts/type1/public/amsfonts/cm/cmsy10.pfb></usr/share/texlive/texmf-dist/fonts/
type1/public/amsfonts/cm/cmsy7.pfb></usr/share/texmf/fonts/type1/public/cm-supe
r/sfrm1000.pfb>
Output written on Maag_Maximilian_05.pdf (5 pages, 109748 bytes).
PDF statistics:
 61 PDF objects out of 1000 (max. 8388607)
 43 compressed objects within 1 object stream
 0 named destinations out of 1000 (max. 500000)
 1 words of extra memory for PDF output out of 10000 (max. 10000000)

