This is pdfTeX, Version 3.14159265-2.6-1.40.20 (TeX Live 2019/Debian) (preloaded format=pdflatex 2021.3.19)  27 APR 2021 22:02
entering extended mode
 restricted \write18 enabled.
 %&-line parsing enabled.
**"LSGV Ü01 Maag.tex"
(./LSGV Ü01 Maag.tex
LaTeX2e <2020-02-02> patch level 2
L3 programming layer <2020-02-14>
(/usr/share/texlive/texmf-dist/tex/latex/base/article.cls
Document Class: article 2019/12/20 v1.4l Standard LaTeX document class
(/usr/share/texlive/texmf-dist/tex/latex/base/size10.clo
File: size10.clo 2019/12/20 v1.4l Standard LaTeX file (size option)
)
\c@part=\count167
\c@section=\count168
\c@subsection=\count169
\c@subsubsection=\count170
\c@paragraph=\count171
\c@subparagraph=\count172
\c@figure=\count173
\c@table=\count174
\abovecaptionskip=\skip47
\belowcaptionskip=\skip48
\bibindent=\dimen134
)
(/usr/share/texlive/texmf-dist/tex/latex/l3backend/l3backend-pdfmode.def
File: l3backend-pdfmode.def 2020-02-03 L3 backend support: PDF mode
\l__kernel_color_stack_int=\count175
\l__pdf_internal_box=\box45
)
(./LSGV Ü01 Maag.aux)
\openout1 = `"LSGV Ü01 Maag.aux"'.

LaTeX Font Info:    Checking defaults for OML/cmm/m/it on input line 2.
LaTeX Font Info:    ... okay on input line 2.
LaTeX Font Info:    Checking defaults for OMS/cmsy/m/n on input line 2.
LaTeX Font Info:    ... okay on input line 2.
LaTeX Font Info:    Checking defaults for OT1/cmr/m/n on input line 2.
LaTeX Font Info:    ... okay on input line 2.
LaTeX Font Info:    Checking defaults for T1/cmr/m/n on input line 2.
LaTeX Font Info:    ... okay on input line 2.
LaTeX Font Info:    Checking defaults for TS1/cmr/m/n on input line 2.
LaTeX Font Info:    ... okay on input line 2.
LaTeX Font Info:    Checking defaults for OMX/cmex/m/n on input line 2.
LaTeX Font Info:    ... okay on input line 2.
LaTeX Font Info:    Checking defaults for U/cmr/m/n on input line 2.
LaTeX Font Info:    ... okay on input line 2.

Overfull \hbox (5.38951pt too wide) in paragraph at lines 6--9
\OT1/cmr/m/n/10 XML-Datenbanken sind da-rauf aus-gelegt gro^^Ye men-gen an Date
n f^^?ur den lesenden
 []


Overfull \hbox (20.72285pt too wide) in paragraph at lines 6--9
\OT1/cmr/m/n/10 bank-typ da-rauf aus-gelegt vie-len Nutzen m^^?oglichst schnell
 viele Daten zu pr^^?asentieren.
 []


Underfull \hbox (badness 10000) in paragraph at lines 10--20

 []


Underfull \hbox (badness 10000) in paragraph at lines 21--35

 []


Overfull \hbox (11.8617pt too wide) in paragraph at lines 21--35
\OT1/cmr/m/n/10 Im Bere-ich Ma-chine-learn-ing sind gro^^Ye Daten-men-gen aus D
ataware-houses n^^?utzlich. 
 []

[1

{/var/lib/texmf/fonts/map/pdftex/updmap/pdftex.map}] [2]
(./LSGV Ü01 Maag.aux) ) 
Here is how much of TeX's memory you used:
 376 strings out of 481239
 6400 string characters out of 5920377
 240563 words of memory out of 5000000
 15723 multiletter control sequences out of 15000+600000
 533883 words of font info for 29 fonts, out of 8000000 for 9000
 1141 hyphenation exceptions out of 8191
 25i,4n,19p,320b,121s stack positions out of 5000i,500n,10000p,200000b,80000s
{/usr/share/texmf/fonts/enc/dvips/cm-super/cm-super-ts1
.enc}</usr/share/texlive/texmf-dist/fonts/type1/public/amsfonts/cm/cmbx12.pfb><
/usr/share/texlive/texmf-dist/fonts/type1/public/amsfonts/cm/cmr10.pfb></usr/sh
are/texmf/fonts/type1/public/cm-super/sfrm1000.pfb>
Output written on "LSGV Ü01 Maag.pdf" (2 pages, 44196 bytes).
PDF statistics:
 24 PDF objects out of 1000 (max. 8388607)
 16 compressed objects within 1 object stream
 0 named destinations out of 1000 (max. 500000)
 1 words of extra memory for PDF output out of 10000 (max. 10000000)

