This is pdfTeX, Version 3.14159265-2.6-1.40.20 (TeX Live 2019/Debian) (preloaded format=pdflatex 2020.11.21)  18 FEB 2021 15:53
entering extended mode
 restricted \write18 enabled.
 %&-line parsing enabled.
**"Notizen OOSE.tex"
(./Notizen OOSE.tex
LaTeX2e <2020-02-02> patch level 2
L3 programming layer <2020-02-14>
(/usr/share/texlive/texmf-dist/tex/latex/base/article.cls
Document Class: article 2019/12/20 v1.4l Standard LaTeX document class
(/usr/share/texlive/texmf-dist/tex/latex/base/size10.clo
File: size10.clo 2019/12/20 v1.4l Standard LaTeX file (size option)
)
\c@part=\count167
\c@section=\count168
\c@subsection=\count169
\c@subsubsection=\count170
\c@paragraph=\count171
\c@subparagraph=\count172
\c@figure=\count173
\c@table=\count174
\abovecaptionskip=\skip47
\belowcaptionskip=\skip48
\bibindent=\dimen134
)
(/usr/share/texlive/texmf-dist/tex/latex/l3backend/l3backend-pdfmode.def
File: l3backend-pdfmode.def 2020-02-03 L3 backend support: PDF mode
\l__kernel_color_stack_int=\count175
\l__pdf_internal_box=\box45
)
(./Notizen OOSE.aux)
\openout1 = `"Notizen OOSE.aux"'.

LaTeX Font Info:    Checking defaults for OML/cmm/m/it on input line 2.
LaTeX Font Info:    ... okay on input line 2.
LaTeX Font Info:    Checking defaults for OMS/cmsy/m/n on input line 2.
LaTeX Font Info:    ... okay on input line 2.
LaTeX Font Info:    Checking defaults for OT1/cmr/m/n on input line 2.
LaTeX Font Info:    ... okay on input line 2.
LaTeX Font Info:    Checking defaults for T1/cmr/m/n on input line 2.
LaTeX Font Info:    ... okay on input line 2.
LaTeX Font Info:    Checking defaults for TS1/cmr/m/n on input line 2.
LaTeX Font Info:    ... okay on input line 2.
LaTeX Font Info:    Checking defaults for OMX/cmex/m/n on input line 2.
LaTeX Font Info:    ... okay on input line 2.
LaTeX Font Info:    Checking defaults for U/cmr/m/n on input line 2.
LaTeX Font Info:    ... okay on input line 2.

Underfull \hbox (badness 10000) in paragraph at lines 5--6

 []


Underfull \hbox (badness 10000) in paragraph at lines 7--8

 []


Underfull \hbox (badness 10000) in paragraph at lines 12--34

 []


Underfull \hbox (badness 10000) in paragraph at lines 36--55

 []

[1

{/var/lib/texmf/fonts/map/pdftex/updmap/pdftex.map}]
Underfull \hbox (badness 10000) in paragraph at lines 57--67

 []


Underfull \hbox (badness 10000) in paragraph at lines 69--70

 []

[2]
Underfull \hbox (badness 10000) in paragraph at lines 83--99

 []


Underfull \hbox (badness 10000) in paragraph at lines 101--111

 []

[3]
Underfull \hbox (badness 10000) in paragraph at lines 122--134

 []


Underfull \hbox (badness 10000) in paragraph at lines 135--140

 []


Underfull \hbox (badness 10000) in paragraph at lines 141--143

 []

[4]
Underfull \hbox (badness 10000) in paragraph at lines 144--150

 []


Underfull \hbox (badness 10000) in paragraph at lines 151--159

 []


Underfull \hbox (badness 10000) in paragraph at lines 161--168

 []


Underfull \hbox (badness 10000) in paragraph at lines 169--191

 []

[5]
Underfull \hbox (badness 10000) in paragraph at lines 192--198

 []


Underfull \hbox (badness 10000) in paragraph at lines 199--202

 []


Underfull \hbox (badness 10000) in paragraph at lines 203--204

 []


Underfull \hbox (badness 10000) in paragraph at lines 206--207

 []

[6]
Overfull \hbox (21.47293pt too wide) in paragraph at lines 209--213
\OT1/cmr/m/n/10 Fer-tige Kom-po-nen-ten, die keine Un-terkom-po-nen-ten haben (
z.B. Kn^^?opfe) -unsichtbare
 []


Overfull \hbox (52.25081pt too wide) in paragraph at lines 215--220
\OT1/cmr/m/n/10 JFrame: Fen-ster-rah-men, Ti-tel JBut-ton: Kn^^?opfe JTextArea:
 Text JLa-bel: Eingabeforderung
 []


Underfull \hbox (badness 10000) in paragraph at lines 226--239

 []


Underfull \hbox (badness 10000) in paragraph at lines 226--239

 []


Underfull \hbox (badness 10000) in paragraph at lines 226--239

 []


Underfull \hbox (badness 10000) in paragraph at lines 226--239

 []


Underfull \hbox (badness 10000) in paragraph at lines 226--239

 []


Underfull \hbox (badness 10000) in paragraph at lines 240--249

 []

[7]
Underfull \hbox (badness 10000) in paragraph at lines 250--257

 []


Underfull \hbox (badness 10000) in paragraph at lines 258--272

 []


Underfull \hbox (badness 10000) in paragraph at lines 258--272

 []


Underfull \hbox (badness 10000) in paragraph at lines 273--281

 []

[8]
Underfull \hbox (badness 10000) in paragraph at lines 282--297

 []


Underfull \hbox (badness 10000) in paragraph at lines 298--307

 []


Underfull \hbox (badness 10000) in paragraph at lines 308--309

 []

[9]
Overfull \hbox (93.58318pt too wide) in paragraph at lines 310--325
\OT1/cmr/m/n/10 2. Sub-atogame-frame-work holen. und in GWT Ord-ner ex-trahiere
n. GWT/Backend/source/main/java 
 []


Underfull \hbox (badness 10000) in paragraph at lines 310--325

 []


Underfull \hbox (badness 10000) in paragraph at lines 310--325

 []

[10] (./Notizen OOSE.aux) ) 
Here is how much of TeX's memory you used:
 377 strings out of 483183
 6389 string characters out of 5966291
 235602 words of memory out of 5000000
 15473 multiletter control sequences out of 15000+600000
 533856 words of font info for 29 fonts, out of 8000000 for 9000
 14 hyphenation exceptions out of 8191
 25i,4n,19p,356b,99s stack positions out of 5000i,500n,10000p,200000b,80000s
</usr/share/texlive/texmf-dist/fonts/type1/public/am
sfonts/cm/cmbx10.pfb></usr/share/texlive/texmf-dist/fonts/type1/public/amsfonts
/cm/cmbx12.pfb></usr/share/texlive/texmf-dist/fonts/type1/public/amsfonts/cm/cm
r10.pfb>
Output written on "Notizen OOSE.pdf" (10 pages, 65445 bytes).
PDF statistics:
 49 PDF objects out of 1000 (max. 8388607)
 33 compressed objects within 1 object stream
 0 named destinations out of 1000 (max. 500000)
 1 words of extra memory for PDF output out of 10000 (max. 10000000)

