This is pdfTeX, Version 3.14159265-2.6-1.40.21 (MiKTeX 20.11) (preloaded format=pdflatex 2020.11.21)  25 NOV 2020 12:12
entering extended mode
**./Maag-BWL-03.tex
(Maag-BWL-03.tex
LaTeX2e <2020-10-01> patch level 2
L3 programming layer <2020-10-27> xparse <2020-03-03>
(C:\Users\maxim\AppData\Local\Programs\MiKTeX\tex/latex/base\article.cls
Document Class: article 2020/04/10 v1.4m Standard LaTeX document class
(C:\Users\maxim\AppData\Local\Programs\MiKTeX\tex/latex/base\size10.clo
File: size10.clo 2020/04/10 v1.4m Standard LaTeX file (size option)
)
\c@part=\count175
\c@section=\count176
\c@subsection=\count177
\c@subsubsection=\count178
\c@paragraph=\count179
\c@subparagraph=\count180
\c@figure=\count181
\c@table=\count182
\abovecaptionskip=\skip47
\belowcaptionskip=\skip48
\bibindent=\dimen138
)
(C:\Users\maxim\AppData\Local\Programs\MiKTeX\tex/latex/l3backend\l3backend-pdf
tex.def
File: l3backend-pdftex.def 2020-09-24 L3 backend support: PDF output (pdfTeX)
\l__kernel_color_stack_int=\count183
\l__pdf_internal_box=\box47
) (Maag-BWL-03.aux)
\openout1 = `Maag-BWL-03.aux'.

LaTeX Font Info:    Checking defaults for OML/cmm/m/it on input line 2.
LaTeX Font Info:    ... okay on input line 2.
LaTeX Font Info:    Checking defaults for OMS/cmsy/m/n on input line 2.
LaTeX Font Info:    ... okay on input line 2.
LaTeX Font Info:    Checking defaults for OT1/cmr/m/n on input line 2.
LaTeX Font Info:    ... okay on input line 2.
LaTeX Font Info:    Checking defaults for T1/cmr/m/n on input line 2.
LaTeX Font Info:    ... okay on input line 2.
LaTeX Font Info:    Checking defaults for TS1/cmr/m/n on input line 2.
LaTeX Font Info:    ... okay on input line 2.
LaTeX Font Info:    Checking defaults for OMX/cmex/m/n on input line 2.
LaTeX Font Info:    ... okay on input line 2.
LaTeX Font Info:    Checking defaults for U/cmr/m/n on input line 2.
LaTeX Font Info:    ... okay on input line 2.

Overfull \hbox (18.13959pt too wide) in paragraph at lines 5--7
\OT1/cmr/m/n/10 Das Knap-pheit-sax-iom geht davon aus, dass Ressourcen fur die
 Bedurfnisbefriedigung
 []


Overfull \hbox (4.2645pt too wide) in paragraph at lines 9--12
\OT1/cmr/m/n/10 Das okonomische Prinzip sieht vor knappe Guter und beinahe en
d-lose Bedurfnisse
 []


Underfull \hbox (badness 10000) in paragraph at lines 9--12

 []


Overfull \hbox (8.11172pt too wide) in paragraph at lines 14--15
\OT1/cmr/m/n/10 Das okonomische Prinzip steht bei wirtschaftlichem Han-deln mi
t dem okologischen
 []

LaTeX Font Info:    External font `cmex10' loaded for size
(Font)              <7> on input line 18.
LaTeX Font Info:    External font `cmex10' loaded for size
(Font)              <5> on input line 18.

Underfull \hbox (badness 10000) in paragraph at lines 17--26

 []

[1

{C:/Users/maxim/AppData/Local/MiKTeX/pdftex/config/pdftex.map}] [2] [3]
(Maag-BWL-03.aux) ) 
Here is how much of TeX's memory you used:
 401 strings out of 479799
 7563 string characters out of 2869722
 277771 words of memory out of 3000000
 17472 multiletter control sequences out of 15000+200000
 536633 words of font info for 34 fonts, out of 3000000 for 9000
 1141 hyphenation exceptions out of 8191
 43i,4n,49p,355b,102s stack positions out of 5000i,500n,10000p,200000b,50000s
 <C:\Users\maxim\AppData\Local\MiKTeX\fonts/pk/ljfour/jknapp
en/ec/dpi600\tcrm1000.pk><C:/Users/maxim/AppData/Local/Programs/MiKTeX/fonts/ty
pe1/public/amsfonts/cm/cmbx12.pfb><C:/Users/maxim/AppData/Local/Programs/MiKTeX
/fonts/type1/public/amsfonts/cm/cmmi10.pfb><C:/Users/maxim/AppData/Local/Progra
ms/MiKTeX/fonts/type1/public/amsfonts/cm/cmmi7.pfb><C:/Users/maxim/AppData/Loca
l/Programs/MiKTeX/fonts/type1/public/amsfonts/cm/cmr10.pfb><C:/Users/maxim/AppD
ata/Local/Programs/MiKTeX/fonts/type1/public/amsfonts/cm/cmsy10.pfb>
Output written on Maag-BWL-03.pdf (3 pages, 74576 bytes).
PDF statistics:
 37 PDF objects out of 1000 (max. 8388607)
 0 named destinations out of 1000 (max. 500000)
 1 words of extra memory for PDF output out of 10000 (max. 10000000)

