This is pdfTeX, Version 3.14159265-2.6-1.40.20 (TeX Live 2019/Debian) (preloaded format=pdflatex 2021.3.19)  1 JUL 2021 15:26
entering extended mode
 restricted \write18 enabled.
 %&-line parsing enabled.
**"Notizen PMT.tex"
(./Notizen PMT.tex
LaTeX2e <2020-02-02> patch level 2
L3 programming layer <2020-02-14>
(/usr/share/texlive/texmf-dist/tex/latex/base/article.cls
Document Class: article 2019/12/20 v1.4l Standard LaTeX document class
(/usr/share/texlive/texmf-dist/tex/latex/base/size10.clo
File: size10.clo 2019/12/20 v1.4l Standard LaTeX file (size option)
)
\c@part=\count167
\c@section=\count168
\c@subsection=\count169
\c@subsubsection=\count170
\c@paragraph=\count171
\c@subparagraph=\count172
\c@figure=\count173
\c@table=\count174
\abovecaptionskip=\skip47
\belowcaptionskip=\skip48
\bibindent=\dimen134
)
(/usr/share/texlive/texmf-dist/tex/latex/graphics/graphicx.sty
Package: graphicx 2019/11/30 v1.2a Enhanced LaTeX Graphics (DPC,SPQR)

(/usr/share/texlive/texmf-dist/tex/latex/graphics/keyval.sty
Package: keyval 2014/10/28 v1.15 key=value parser (DPC)
\KV@toks@=\toks14
)
(/usr/share/texlive/texmf-dist/tex/latex/graphics/graphics.sty
Package: graphics 2019/11/30 v1.4a Standard LaTeX Graphics (DPC,SPQR)

(/usr/share/texlive/texmf-dist/tex/latex/graphics/trig.sty
Package: trig 2016/01/03 v1.10 sin cos tan (DPC)
)
(/usr/share/texlive/texmf-dist/tex/latex/graphics-cfg/graphics.cfg
File: graphics.cfg 2016/06/04 v1.11 sample graphics configuration
)
Package graphics Info: Driver file: pdftex.def on input line 105.

(/usr/share/texlive/texmf-dist/tex/latex/graphics-def/pdftex.def
File: pdftex.def 2018/01/08 v1.0l Graphics/color driver for pdftex
))
\Gin@req@height=\dimen135
\Gin@req@width=\dimen136
)
(/usr/share/texlive/texmf-dist/tex/latex/l3backend/l3backend-pdfmode.def
File: l3backend-pdfmode.def 2020-02-03 L3 backend support: PDF mode
\l__kernel_color_stack_int=\count175
\l__pdf_internal_box=\box45
)

LaTeX Warning: Unused global option(s):
    [paper=A4].

(./Notizen PMT.aux)
\openout1 = `"Notizen PMT.aux"'.

LaTeX Font Info:    Checking defaults for OML/cmm/m/it on input line 3.
LaTeX Font Info:    ... okay on input line 3.
LaTeX Font Info:    Checking defaults for OMS/cmsy/m/n on input line 3.
LaTeX Font Info:    ... okay on input line 3.
LaTeX Font Info:    Checking defaults for OT1/cmr/m/n on input line 3.
LaTeX Font Info:    ... okay on input line 3.
LaTeX Font Info:    Checking defaults for T1/cmr/m/n on input line 3.
LaTeX Font Info:    ... okay on input line 3.
LaTeX Font Info:    Checking defaults for TS1/cmr/m/n on input line 3.
LaTeX Font Info:    ... okay on input line 3.
LaTeX Font Info:    Checking defaults for OMX/cmex/m/n on input line 3.
LaTeX Font Info:    ... okay on input line 3.
LaTeX Font Info:    Checking defaults for U/cmr/m/n on input line 3.
LaTeX Font Info:    ... okay on input line 3.

(/usr/share/texlive/texmf-dist/tex/context/base/mkii/supp-pdf.mkii
[Loading MPS to PDF converter (version 2006.09.02).]
\scratchcounter=\count176
\scratchdimen=\dimen137
\scratchbox=\box46
\nofMPsegments=\count177
\nofMParguments=\count178
\everyMPshowfont=\toks15
\MPscratchCnt=\count179
\MPscratchDim=\dimen138
\MPnumerator=\count180
\makeMPintoPDFobject=\count181
\everyMPtoPDFconversion=\toks16
) (/usr/share/texlive/texmf-dist/tex/latex/epstopdf-pkg/epstopdf-base.sty
Package: epstopdf-base 2020-01-24 v2.11 Base part for package epstopdf
Package epstopdf-base Info: Redefining graphics rule for `.eps' on input line 4
85.

(/usr/share/texlive/texmf-dist/tex/latex/latexconfig/epstopdf-sys.cfg
File: epstopdf-sys.cfg 2010/07/13 v1.3 Configuration of (r)epstopdf for TeX Liv
e
))
Underfull \hbox (badness 10000) in paragraph at lines 6--31

 []

LaTeX Font Info:    External font `cmex10' loaded for size
(Font)              <7> on input line 35.
LaTeX Font Info:    External font `cmex10' loaded for size
(Font)              <5> on input line 35.

Underfull \hbox (badness 10000) in paragraph at lines 41--48

 []

[1

{/var/lib/texmf/fonts/map/pdftex/updmap/pdftex.map}]
Underfull \hbox (badness 10000) in paragraph at lines 49--55

 []


Underfull \hbox (badness 10000) in paragraph at lines 56--64

 []


Underfull \hbox (badness 10000) in paragraph at lines 65--74

 []

[2]
Underfull \hbox (badness 10000) in paragraph at lines 104--112

 []

<picbaum.png, id=12, 1927.2pt x 1084.05pt>
File: picbaum.png Graphic file (type png)
<use picbaum.png>
Package pdftex.def Info: picbaum.png  used on input line 117.
(pdftex.def)             Requested size: 345.0pt x 194.06194pt.
<picbaum2.png, id=13, 1927.2pt x 1084.05pt>
File: picbaum2.png Graphic file (type png)
<use picbaum2.png>
Package pdftex.def Info: picbaum2.png  used on input line 123.
(pdftex.def)             Requested size: 345.0pt x 194.06194pt.
<xmld.png, id=14, 1927.2pt x 1084.05pt>
File: xmld.png Graphic file (type png)
<use xmld.png>
Package pdftex.def Info: xmld.png  used on input line 129.
(pdftex.def)             Requested size: 345.0pt x 194.06194pt.

Underfull \hbox (badness 10000) in paragraph at lines 113--130

 []

[3] [4 <./picbaum.png> <./picbaum2.png>]
<xmlsample.png, id=21, 1927.2pt x 1084.05pt>
File: xmlsample.png Graphic file (type png)
<use xmlsample.png>
Package pdftex.def Info: xmlsample.png  used on input line 133.
(pdftex.def)             Requested size: 345.0pt x 194.06194pt.

Underfull \hbox (badness 10000) in paragraph at lines 131--144

 []

[5 <./xmld.png> <./xmlsample.png>]
Overfull \hbox (68.11214pt too wide) in paragraph at lines 145--155
\OT1/cmr/m/n/10 Dokumentation: https://docs.oracle.com/javase/7/docs/api/org/xm
l/sax/SAXException.html 
 []


Underfull \hbox (badness 10000) in paragraph at lines 145--155

 []

<xslsample.png, id=26, 1927.2pt x 1084.05pt>
File: xslsample.png Graphic file (type png)
<use xslsample.png>
Package pdftex.def Info: xslsample.png  used on input line 164.
(pdftex.def)             Requested size: 345.0pt x 194.06194pt.
<domparser.png, id=27, 1927.2pt x 1084.05pt>
File: domparser.png Graphic file (type png)
<use domparser.png>
Package pdftex.def Info: domparser.png  used on input line 172.
(pdftex.def)             Requested size: 345.0pt x 194.06194pt.

Underfull \hbox (badness 10000) in paragraph at lines 156--176

 []

[6]
<jsonsample.png, id=31, 1927.2pt x 1084.05pt>
File: jsonsample.png Graphic file (type png)
<use jsonsample.png>
Package pdftex.def Info: jsonsample.png  used on input line 188.
(pdftex.def)             Requested size: 345.0pt x 194.06194pt.

Underfull \hbox (badness 10000) in paragraph at lines 177--189

 []

[7 <./xslsample.png> <./domparser.png>]
Underfull \hbox (badness 10000) in paragraph at lines 190--204

 []

[8 <./jsonsample.png>]
<samplec.png, id=39, 1927.2pt x 1084.05pt>
File: samplec.png Graphic file (type png)
<use samplec.png>
Package pdftex.def Info: samplec.png  used on input line 226.
(pdftex.def)             Requested size: 345.0pt x 194.06194pt.

Underfull \hbox (badness 10000) in paragraph at lines 205--228

 []

<ckonsample.png, id=40, 1927.2pt x 1084.05pt>
File: ckonsample.png Graphic file (type png)
<use ckonsample.png>
Package pdftex.def Info: ckonsample.png  used on input line 230.
(pdftex.def)             Requested size: 345.0pt x 194.06194pt.

Underfull \hbox (badness 10000) in paragraph at lines 229--233

 []

[9 <./samplec.png>]
Underfull \hbox (badness 10000) in paragraph at lines 234--239

 []


Underfull \hbox (badness 10000) in paragraph at lines 240--250

 []


Underfull \hbox (badness 10000) in paragraph at lines 251--256

 []

[10 <./ckonsample.png>]
<bitfly.png, id=47, 1927.2pt x 1084.05pt>
File: bitfly.png Graphic file (type png)
<use bitfly.png>
Package pdftex.def Info: bitfly.png  used on input line 265.
(pdftex.def)             Requested size: 345.0pt x 194.06194pt.
<point.png, id=48, 1927.2pt x 1084.05pt>
File: point.png Graphic file (type png)
<use point.png>
Package pdftex.def Info: point.png  used on input line 267.
(pdftex.def)             Requested size: 345.0pt x 194.06194pt.
<komma.png, id=49, 1927.2pt x 1084.05pt>
File: komma.png Graphic file (type png)
<use komma.png>
Package pdftex.def Info: komma.png  used on input line 268.
(pdftex.def)             Requested size: 345.0pt x 194.06194pt.
<scanf.png, id=50, 1927.2pt x 1084.05pt>
File: scanf.png Graphic file (type png)
<use scanf.png>
Package pdftex.def Info: scanf.png  used on input line 272.
(pdftex.def)             Requested size: 345.0pt x 194.06194pt.

Underfull \hbox (badness 10000) in paragraph at lines 257--274

 []


Underfull \hbox (badness 10000) in paragraph at lines 257--274

 []

[11 <./bitfly.png>] [12 <./point.png> <./komma.png>] [13 <./scanf.png>]
(./Notizen PMT.aux) ) 
Here is how much of TeX's memory you used:
 1235 strings out of 481239
 18071 string characters out of 5920377
 251582 words of memory out of 5000000
 16548 multiletter control sequences out of 15000+600000
 533548 words of font info for 28 fonts, out of 8000000 for 9000
 1141 hyphenation exceptions out of 8191
 30i,4n,25p,206b,117s stack positions out of 5000i,500n,10000p,200000b,80000s
</usr/share/texlive/texmf-dist/fonts/type1/public/amsfonts
/cm/cmbx12.pfb></usr/share/texlive/texmf-dist/fonts/type1/public/amsfonts/cm/cm
mi10.pfb></usr/share/texlive/texmf-dist/fonts/type1/public/amsfonts/cm/cmr10.pf
b></usr/share/texlive/texmf-dist/fonts/type1/public/amsfonts/cm/cmsy10.pfb>
Output written on "Notizen PMT.pdf" (13 pages, 10390442 bytes).
PDF statistics:
 76 PDF objects out of 1000 (max. 8388607)
 43 compressed objects within 1 object stream
 0 named destinations out of 1000 (max. 500000)
 66 words of extra memory for PDF output out of 10000 (max. 10000000)

