This is pdfTeX, Version 3.14159265-2.6-1.40.21 (MiKTeX 20.11) (preloaded format=pdflatex 2020.11.21)  23 JAN 2021 22:34
entering extended mode
**./Maximilian_Maag_009.tex
(Maximilian_Maag_009.tex
LaTeX2e <2020-10-01> patch level 2
L3 programming layer <2020-10-27> xparse <2020-03-03>
(C:\Users\maxim\AppData\Local\Programs\MiKTeX\tex/latex/base\article.cls
Document Class: article 2020/04/10 v1.4m Standard LaTeX document class
(C:\Users\maxim\AppData\Local\Programs\MiKTeX\tex/latex/base\size10.clo
File: size10.clo 2020/04/10 v1.4m Standard LaTeX file (size option)
)
\c@part=\count175
\c@section=\count176
\c@subsection=\count177
\c@subsubsection=\count178
\c@paragraph=\count179
\c@subparagraph=\count180
\c@figure=\count181
\c@table=\count182
\abovecaptionskip=\skip47
\belowcaptionskip=\skip48
\bibindent=\dimen138
)
(C:\Users\maxim\AppData\Local\Programs\MiKTeX\tex/latex/graphics\graphicx.sty
Package: graphicx 2020/09/09 v1.2b Enhanced LaTeX Graphics (DPC,SPQR)

(C:\Users\maxim\AppData\Local\Programs\MiKTeX\tex/latex/graphics\keyval.sty
Package: keyval 2014/10/28 v1.15 key=value parser (DPC)
\KV@toks@=\toks15
)
(C:\Users\maxim\AppData\Local\Programs\MiKTeX\tex/latex/graphics\graphics.sty
Package: graphics 2020/08/30 v1.4c Standard LaTeX Graphics (DPC,SPQR)

(C:\Users\maxim\AppData\Local\Programs\MiKTeX\tex/latex/graphics\trig.sty
Package: trig 2016/01/03 v1.10 sin cos tan (DPC)
)
(C:\Users\maxim\AppData\Local\Programs\MiKTeX\tex/latex/graphics-cfg\graphics.c
fg
File: graphics.cfg 2016/06/04 v1.11 sample graphics configuration
)
Package graphics Info: Driver file: pdftex.def on input line 105.

(C:\Users\maxim\AppData\Local\Programs\MiKTeX\tex/latex/graphics-def\pdftex.def
File: pdftex.def 2020/10/05 v1.2a Graphics/color driver for pdftex
))
\Gin@req@height=\dimen139
\Gin@req@width=\dimen140
)
(C:\Users\maxim\AppData\Local\Programs\MiKTeX\tex/latex/l3backend\l3backend-pdf
tex.def
File: l3backend-pdftex.def 2020-09-24 L3 backend support: PDF output (pdfTeX)
\l__kernel_color_stack_int=\count183
\l__pdf_internal_box=\box47
) (Maximilian_Maag_009.aux)
\openout1 = `Maximilian_Maag_009.aux'.

LaTeX Font Info:    Checking defaults for OML/cmm/m/it on input line 3.
LaTeX Font Info:    ... okay on input line 3.
LaTeX Font Info:    Checking defaults for OMS/cmsy/m/n on input line 3.
LaTeX Font Info:    ... okay on input line 3.
LaTeX Font Info:    Checking defaults for OT1/cmr/m/n on input line 3.
LaTeX Font Info:    ... okay on input line 3.
LaTeX Font Info:    Checking defaults for T1/cmr/m/n on input line 3.
LaTeX Font Info:    ... okay on input line 3.
LaTeX Font Info:    Checking defaults for TS1/cmr/m/n on input line 3.
LaTeX Font Info:    ... okay on input line 3.
LaTeX Font Info:    Checking defaults for OMX/cmex/m/n on input line 3.
LaTeX Font Info:    ... okay on input line 3.
LaTeX Font Info:    Checking defaults for U/cmr/m/n on input line 3.
LaTeX Font Info:    ... okay on input line 3.

(C:\Users\maxim\AppData\Local\Programs\MiKTeX\tex/context/base/mkii\supp-pdf.mk
ii
[Loading MPS to PDF converter (version 2006.09.02).]
\scratchcounter=\count184
\scratchdimen=\dimen141
\scratchbox=\box48
\nofMPsegments=\count185
\nofMParguments=\count186
\everyMPshowfont=\toks16
\MPscratchCnt=\count187
\MPscratchDim=\dimen142
\MPnumerator=\count188
\makeMPintoPDFobject=\count189
\everyMPtoPDFconversion=\toks17
)
(C:\Users\maxim\AppData\Local\Programs\MiKTeX\tex/latex/epstopdf-pkg\epstopdf-b
ase.sty
Package: epstopdf-base 2020-01-24 v2.11 Base part for package epstopdf
Package epstopdf-base Info: Redefining graphics rule for `.eps' on input line 4
85.
)
LaTeX Font Info:    External font `cmex10' loaded for size
(Font)              <7> on input line 11.
LaTeX Font Info:    External font `cmex10' loaded for size
(Font)              <5> on input line 11.

Underfull \hbox (badness 10000) in paragraph at lines 6--16

 []


Underfull \hbox (badness 10000) in paragraph at lines 20--41

 []


Underfull \hbox (badness 10000) in paragraph at lines 20--41

 []


Underfull \hbox (badness 10000) in paragraph at lines 20--41

 []


Underfull \hbox (badness 10000) in paragraph at lines 20--41

 []


Underfull \hbox (badness 10000) in paragraph at lines 20--41

 []


Underfull \hbox (badness 10000) in paragraph at lines 20--41

 []


Underfull \hbox (badness 10000) in paragraph at lines 43--46

 []

[1

{C:/Users/maxim/AppData/Local/MiKTeX/pdftex/config/pdftex.map}]
Overfull \hbox (80.76463pt too wide) in paragraph at lines 47--59
[] 
 []

<94b.png, id=12, 393.3897pt x 273.9033pt>
File: 94b.png Graphic file (type png)
<use 94b.png>
Package pdftex.def Info: 94b.png  used on input line 66.
(pdftex.def)             Requested size: 393.38873pt x 273.90262pt.

Overfull \hbox (48.38873pt too wide) in paragraph at lines 66--67
[] 
 []

[2]
<95a1.png, id=17, 366.4089pt x 482.0409pt>
File: 95a1.png Graphic file (type png)
<use 95a1.png>
Package pdftex.def Info: 95a1.png  used on input line 70.
(pdftex.def)             Requested size: 366.408pt x 482.0397pt.
<95a2.png, id=18, 1072.75781pt x 1379.90532pt>
File: 95a2.png Graphic file (type png)
<use 95a2.png>
Package pdftex.def Info: 95a2.png  used on input line 72.
(pdftex.def)             Requested size: 345.0pt x 443.76851pt.

Overfull \hbox (21.408pt too wide) in paragraph at lines 69--73
[] 
 []


Underfull \hbox (badness 10000) in paragraph at lines 69--73

 []

[3 <./94b.png>] [4 <./95a1.png>]
<95b.png, id=27, 391.4625pt x 744.1401pt>
File: 95b.png Graphic file (type png)
<use 95b.png>
Package pdftex.def Info: 95b.png  used on input line 74.
(pdftex.def)             Requested size: 345.0pt x 655.85588pt.
 [5 <./95a2.png>]
Overfull \vbox (126.3142pt too high) has occurred while \output is active []


[6 <./95b.png>] (Maximilian_Maag_009.aux) ) 
Here is how much of TeX's memory you used:
 1197 strings out of 479799
 18594 string characters out of 2869722
 291262 words of memory out of 3000000
 18236 multiletter control sequences out of 15000+200000
 536298 words of font info for 33 fonts, out of 3000000 for 9000
 1141 hyphenation exceptions out of 8191
 66i,6n,72p,359b,117s stack positions out of 5000i,500n,10000p,200000b,50000s
<C:/Users/maxim/AppData/Local/Progra
ms/MiKTeX/fonts/type1/public/amsfonts/cm/cmbx12.pfb><C:/Users/maxim/AppData/Loc
al/Programs/MiKTeX/fonts/type1/public/amsfonts/cm/cmmi10.pfb><C:/Users/maxim/Ap
pData/Local/Programs/MiKTeX/fonts/type1/public/amsfonts/cm/cmmi7.pfb><C:/Users/
maxim/AppData/Local/Programs/MiKTeX/fonts/type1/public/amsfonts/cm/cmr10.pfb><C
:/Users/maxim/AppData/Local/Programs/MiKTeX/fonts/type1/public/amsfonts/cm/cmr7
.pfb><C:/Users/maxim/AppData/Local/Programs/MiKTeX/fonts/type1/public/amsfonts/
cm/cmsy10.pfb><C:/Users/maxim/AppData/Local/Programs/MiKTeX/fonts/type1/public/
amsfonts/cm/cmsy7.pfb>
Output written on Maximilian_Maag_009.pdf (6 pages, 7200173 bytes).
PDF statistics:
 58 PDF objects out of 1000 (max. 8388607)
 0 named destinations out of 1000 (max. 500000)
 21 words of extra memory for PDF output out of 10000 (max. 10000000)

