This is pdfTeX, Version 3.14159265-2.6-1.40.20 (TeX Live 2019/Debian) (preloaded format=pdflatex 2020.11.21)  19 FEB 2021 11:45
entering extended mode
 restricted \write18 enabled.
 %&-line parsing enabled.
**"Notizen Einf Inf.tex"
(./Notizen Einf Inf.tex
LaTeX2e <2020-02-02> patch level 2
L3 programming layer <2020-02-14>
(/usr/share/texlive/texmf-dist/tex/latex/base/article.cls
Document Class: article 2019/12/20 v1.4l Standard LaTeX document class
(/usr/share/texlive/texmf-dist/tex/latex/base/size10.clo
File: size10.clo 2019/12/20 v1.4l Standard LaTeX file (size option)
)
\c@part=\count167
\c@section=\count168
\c@subsection=\count169
\c@subsubsection=\count170
\c@paragraph=\count171
\c@subparagraph=\count172
\c@figure=\count173
\c@table=\count174
\abovecaptionskip=\skip47
\belowcaptionskip=\skip48
\bibindent=\dimen134
)
(/usr/share/texlive/texmf-dist/tex/latex/mathtools/mathtools.sty
Package: mathtools 2020/01/17 v1.23 mathematical typesetting tools

(/usr/share/texlive/texmf-dist/tex/latex/graphics/keyval.sty
Package: keyval 2014/10/28 v1.15 key=value parser (DPC)
\KV@toks@=\toks14
)
(/usr/share/texlive/texmf-dist/tex/latex/tools/calc.sty
Package: calc 2017/05/25 v4.3 Infix arithmetic (KKT,FJ)
\calc@Acount=\count175
\calc@Bcount=\count176
\calc@Adimen=\dimen135
\calc@Bdimen=\dimen136
\calc@Askip=\skip49
\calc@Bskip=\skip50
LaTeX Info: Redefining \setlength on input line 80.
LaTeX Info: Redefining \addtolength on input line 81.
\calc@Ccount=\count177
\calc@Cskip=\skip51
)
(/usr/share/texlive/texmf-dist/tex/latex/mathtools/mhsetup.sty
Package: mhsetup 2017/03/31 v1.3 programming setup (MH)
)
(/usr/share/texlive/texmf-dist/tex/latex/amsmath/amsmath.sty
Package: amsmath 2020/01/20 v2.17e AMS math features
\@mathmargin=\skip52

For additional information on amsmath, use the `?' option.
(/usr/share/texlive/texmf-dist/tex/latex/amsmath/amstext.sty
Package: amstext 2000/06/29 v2.01 AMS text

(/usr/share/texlive/texmf-dist/tex/latex/amsmath/amsgen.sty
File: amsgen.sty 1999/11/30 v2.0 generic functions
\@emptytoks=\toks15
\ex@=\dimen137
))
(/usr/share/texlive/texmf-dist/tex/latex/amsmath/amsbsy.sty
Package: amsbsy 1999/11/29 v1.2d Bold Symbols
\pmbraise@=\dimen138
)
(/usr/share/texlive/texmf-dist/tex/latex/amsmath/amsopn.sty
Package: amsopn 2016/03/08 v2.02 operator names
)
\inf@bad=\count178
LaTeX Info: Redefining \frac on input line 227.
\uproot@=\count179
\leftroot@=\count180
LaTeX Info: Redefining \overline on input line 389.
\classnum@=\count181
\DOTSCASE@=\count182
LaTeX Info: Redefining \ldots on input line 486.
LaTeX Info: Redefining \dots on input line 489.
LaTeX Info: Redefining \cdots on input line 610.
\Mathstrutbox@=\box45
\strutbox@=\box46
\big@size=\dimen139
LaTeX Font Info:    Redeclaring font encoding OML on input line 733.
LaTeX Font Info:    Redeclaring font encoding OMS on input line 734.
\macc@depth=\count183
\c@MaxMatrixCols=\count184
\dotsspace@=\muskip16
\c@parentequation=\count185
\dspbrk@lvl=\count186
\tag@help=\toks16
\row@=\count187
\column@=\count188
\maxfields@=\count189
\andhelp@=\toks17
\eqnshift@=\dimen140
\alignsep@=\dimen141
\tagshift@=\dimen142
\tagwidth@=\dimen143
\totwidth@=\dimen144
\lineht@=\dimen145
\@envbody=\toks18
\multlinegap=\skip53
\multlinetaggap=\skip54
\mathdisplay@stack=\toks19
LaTeX Info: Redefining \[ on input line 2859.
LaTeX Info: Redefining \] on input line 2860.
)
LaTeX Info: Thecontrolsequence`\('isalreadyrobust on input line 129.
LaTeX Info: Thecontrolsequence`\)'isalreadyrobust on input line 129.
LaTeX Info: Thecontrolsequence`\['isalreadyrobust on input line 129.
LaTeX Info: Thecontrolsequence`\]'isalreadyrobust on input line 129.
\g_MT_multlinerow_int=\count190
\l_MT_multwidth_dim=\dimen146
\origjot=\skip55
\l_MT_shortvdotswithinadjustabove_dim=\dimen147
\l_MT_shortvdotswithinadjustbelow_dim=\dimen148
\l_MT_above_intertext_sep=\dimen149
\l_MT_below_intertext_sep=\dimen150
\l_MT_above_shortintertext_sep=\dimen151
\l_MT_below_shortintertext_sep=\dimen152
)
(/usr/share/texlive/texmf-dist/tex/latex/l3backend/l3backend-pdfmode.def
File: l3backend-pdfmode.def 2020-02-03 L3 backend support: PDF mode
\l__kernel_color_stack_int=\count191
\l__pdf_internal_box=\box47
)
(./Notizen Einf Inf.aux)
\openout1 = `"Notizen Einf Inf.aux"'.

LaTeX Font Info:    Checking defaults for OML/cmm/m/it on input line 3.
LaTeX Font Info:    ... okay on input line 3.
LaTeX Font Info:    Checking defaults for OMS/cmsy/m/n on input line 3.
LaTeX Font Info:    ... okay on input line 3.
LaTeX Font Info:    Checking defaults for OT1/cmr/m/n on input line 3.
LaTeX Font Info:    ... okay on input line 3.
LaTeX Font Info:    Checking defaults for T1/cmr/m/n on input line 3.
LaTeX Font Info:    ... okay on input line 3.
LaTeX Font Info:    Checking defaults for TS1/cmr/m/n on input line 3.
LaTeX Font Info:    ... okay on input line 3.
LaTeX Font Info:    Checking defaults for OMX/cmex/m/n on input line 3.
LaTeX Font Info:    ... okay on input line 3.
LaTeX Font Info:    Checking defaults for U/cmr/m/n on input line 3.
LaTeX Font Info:    ... okay on input line 3.

(/usr/share/texlive/texmf-dist/tex/latex/graphics/graphicx.sty
Package: graphicx 2019/11/30 v1.2a Enhanced LaTeX Graphics (DPC,SPQR)

(/usr/share/texlive/texmf-dist/tex/latex/graphics/graphics.sty
Package: graphics 2019/11/30 v1.4a Standard LaTeX Graphics (DPC,SPQR)

(/usr/share/texlive/texmf-dist/tex/latex/graphics/trig.sty
Package: trig 2016/01/03 v1.10 sin cos tan (DPC)
)
(/usr/share/texlive/texmf-dist/tex/latex/graphics-cfg/graphics.cfg
File: graphics.cfg 2016/06/04 v1.11 sample graphics configuration
)
Package graphics Info: Driver file: pdftex.def on input line 105.

(/usr/share/texlive/texmf-dist/tex/latex/graphics-def/pdftex.def
File: pdftex.def 2018/01/08 v1.0l Graphics/color driver for pdftex

(/usr/share/texlive/texmf-dist/tex/context/base/mkii/supp-pdf.mkii
[Loading MPS to PDF converter (version 2006.09.02).]
\scratchcounter=\count192
\scratchdimen=\dimen153
\scratchbox=\box48
\nofMPsegments=\count193
\nofMParguments=\count194
\everyMPshowfont=\toks20
\MPscratchCnt=\count195
\MPscratchDim=\dimen154
\MPnumerator=\count196
\makeMPintoPDFobject=\count197
\everyMPtoPDFconversion=\toks21
))) (/usr/share/texlive/texmf-dist/tex/latex/epstopdf-pkg/epstopdf-base.sty
Package: epstopdf-base 2020-01-24 v2.11 Base part for package epstopdf
Package epstopdf-base Info: Redefining graphics rule for `.eps' on input line 4
85.

(/usr/share/texlive/texmf-dist/tex/latex/latexconfig/epstopdf-sys.cfg
File: epstopdf-sys.cfg 2010/07/13 v1.3 Configuration of (r)epstopdf for TeX Liv
e
))
\Gin@req@height=\dimen155
\Gin@req@width=\dimen156
)
Overfull \hbox (5.36632pt too wide) in paragraph at lines 22--32
\OT1/cmr/m/n/10 Von Neu-mann Rech-ner, Prinzip f^^?ur meiste CPUs heute. Clus-t
erung Ger^^?atekunde.
 []

[1

{/var/lib/texmf/fonts/map/pdftex/updmap/pdftex.map}]
Underfull \hbox (badness 10000) in paragraph at lines 39--41

 []


Underfull \hbox (badness 10000) in paragraph at lines 42--59

 []


Underfull \hbox (badness 10000) in paragraph at lines 60--62

 []


Underfull \hbox (badness 10000) in paragraph at lines 63--89

 []

[2]
Overfull \hbox (10.19513pt too wide) in paragraph at lines 91--103
\OT1/cmr/m/n/10 Lexikographische Ord-nung: suchen nach al-pha-betis-cher Ord-nu
ng Beispiel Lexikon. 
 []


Underfull \hbox (badness 10000) in paragraph at lines 91--103

 []


Underfull \hbox (badness 10000) in paragraph at lines 104--105

 []


Overfull \hbox (6.88022pt too wide) in paragraph at lines 109--117
\OT1/cmr/m/n/10 Mengenoperationen lassen sich auf for-male Sprachen angewen-det
 wer-den. Sprache
 []


Underfull \hbox (badness 10000) in paragraph at lines 109--117

 []

[3]
Underfull \hbox (badness 10000) in paragraph at lines 119--134

 []


Overfull \hbox (0.35248pt too wide) in paragraph at lines 135--150
\OT1/cmr/m/n/10 fortlaufende Bytes sind durch-num-meriert. Diese Num-mern nennt
 man Adressen. 
 []


Underfull \hbox (badness 10000) in paragraph at lines 135--150

 []

[4]
Underfull \hbox (badness 10000) in paragraph at lines 151--168

 []


Overfull \hbox (9.5839pt too wide) in paragraph at lines 169--211
\OT1/cmr/m/n/10 Festes Bit-muster bleibt, Komma wird nur gedacht und ist eine V
ere-in-barungssache. 
 []


Underfull \hbox (badness 10000) in paragraph at lines 169--211

 []

[5]
Underfull \hbox (badness 10000) in paragraph at lines 212--227

 []

[6]
Underfull \hbox (badness 10000) in paragraph at lines 228--242

 []


Overfull \hbox (16.27722pt too wide) in paragraph at lines 243--264
\OT1/cmr/m/n/10 Hammingdistanz zwis-chen AB ist die An-zal der Stellen an de-ne
n sich die Codew^^?orter
 []


Underfull \hbox (badness 10000) in paragraph at lines 243--264

 []

[7]
Underfull \hbox (badness 10000) in paragraph at lines 265--295

 []


Underfull \hbox (badness 10000) in paragraph at lines 265--295

 []


Overfull \hbox (22.50069pt too wide) in paragraph at lines 265--295
\OT1/cmr/m/n/10 n-stellige Boolsche-Funktionen k^^?onnen durch ver-ket-tete 2-s
tellig Boolsche-Funktionen
 []


Underfull \hbox (badness 10000) in paragraph at lines 265--295

 []

[8]
Underfull \hbox (badness 10000) in paragraph at lines 296--336

 []


Overfull \hbox (28.44508pt too wide) in paragraph at lines 296--336
\OT1/cmr/m/n/10 Multiplexer n Eing^^?ange wer-den auf einen Aus-gang, nacheinan
-der (se-riell) durchgeschal-
 []


Underfull \hbox (badness 10000) in paragraph at lines 296--336

 []

[9]
Overfull \hbox (28.21254pt too wide) in paragraph at lines 337--388
\OT1/cmr/m/n/10 Speicherarten: RAM (Ran-dom Ac-ces Mem-mory); ROm(read only); E
PROM(eraseable
 []


Underfull \hbox (badness 10000) in paragraph at lines 337--388

 []

[10]
Overfull \hbox (9.97296pt too wide) in paragraph at lines 389--436
\OT1/cmr/m/n/10 hommogene Sys-teme haben iden-tis-che Kom-po-nen-ten (min-deste
ns bin^^?arkompatibel
 []


Underfull \hbox (badness 10000) in paragraph at lines 389--436

 []

[11]
Underfull \hbox (badness 10000) in paragraph at lines 437--447

 []

[12] [13] (./Notizen Einf Inf.aux) ) 
Here is how much of TeX's memory you used:
 2322 strings out of 483183
 33731 string characters out of 5966291
 272967 words of memory out of 5000000
 17356 multiletter control sequences out of 15000+600000
 534310 words of font info for 31 fonts, out of 8000000 for 9000
 14 hyphenation exceptions out of 8191
 37i,4n,29p,453b,103s stack positions out of 5000i,500n,10000p,200000b,80000s
</usr/share/texlive/texmf-dist/fonts/type1/
public/amsfonts/cm/cmbx10.pfb></usr/share/texlive/texmf-dist/fonts/type1/public
/amsfonts/cm/cmbx12.pfb></usr/share/texlive/texmf-dist/fonts/type1/public/amsfo
nts/cm/cmex10.pfb></usr/share/texlive/texmf-dist/fonts/type1/public/amsfonts/cm
/cmmi10.pfb></usr/share/texlive/texmf-dist/fonts/type1/public/amsfonts/cm/cmmi7
.pfb></usr/share/texlive/texmf-dist/fonts/type1/public/amsfonts/cm/cmr10.pfb></
usr/share/texlive/texmf-dist/fonts/type1/public/amsfonts/cm/cmr7.pfb></usr/shar
e/texlive/texmf-dist/fonts/type1/public/amsfonts/cm/cmsy10.pfb></usr/share/texl
ive/texmf-dist/fonts/type1/public/amsfonts/cm/cmsy7.pfb>
Output written on "Notizen Einf Inf.pdf" (13 pages, 124208 bytes).
PDF statistics:
 83 PDF objects out of 1000 (max. 8388607)
 58 compressed objects within 1 object stream
 0 named destinations out of 1000 (max. 500000)
 1 words of extra memory for PDF output out of 10000 (max. 10000000)

